<?xml version="1.0" encoding="UTF-8"?>
<testsuite xmlns:xsi="http://www.w3.org/2001/XMLSchema-instance" xsi:noNamespaceSchemaLocation="https://maven.apache.org/surefire/maven-surefire-plugin/xsd/surefire-test-report-3.0.xsd" version="3.0" name="com.cloud.computing.container2.Container2ApplicationTests" time="3.132" tests="1" errors="0" skipped="0" failures="0">
  <properties>
[...]
</properties>
  <testcase name="contextLoads" classname="com.cloud.computing.container2.Container2ApplicationTests" time="0.902">
    <system-out><![CDATA[15:17:42.220 [main] INFO org.springframework.test.context.support.AnnotationConfigContextLoaderUtils -- Could not detect default configuration classes for test class [com.cloud.computing.container2.Container2ApplicationTests]: Container2ApplicationTests does not declare any static, non-private, non-final, nested classes annotated with @Configuration.
15:17:42.351 [main] INFO org.springframework.boot.test.context.SpringBootTestContextBootstrapper -- Found @SpringBootConfiguration com.cloud.computing.container2.ContainerTwo for test class com.cloud.computing.container2.Container2ApplicationTests

  .   ____          _            __ _ _
 /\\ / ___'_ __ _ _(_)_ __  __ _ \ \ \ \
( ( )\___ | '_ | '_| | '_ \/ _` | \ \ \ \
 \\/  ___)| |_)| | | | | || (_| |  ) ) ) )
  '  |____| .__|_| |_|_| |_\__, | / / / /
 =========|_|==============|___/=/_/_/_/
 :: Spring Boot ::                (v3.1.8)

2024-03-22T15:17:42.898-03:00  INFO 30956 --- [           main] c.c.c.c.Container2ApplicationTests       : Starting Container2ApplicationTests using Java 17.0.8 with PID 30956 (started by unnat in C:\Users\unnat\Desktop\New folder\SEM 2\CLOUD COMPUTING\ASSIGNMENT\ASSIGNMENT-3\assignment3\Kubernetes\container2)
2024-03-22T15:17:42.902-03:00  INFO 30956 --- [           main] c.c.c.c.Container2ApplicationTests       : No active profile set, falling back to 1 default profile: "default"
2024-03-22T15:17:44.246-03:00  INFO 30956 --- [           main] c.c.c.c.Container2ApplicationTests       : Started Container2ApplicationTests in 1.706 seconds (process running for 2.779)
]]></system-out>
  </testcase>
</testsuite>